Crashlog created at 2014-05-26 18:21:23 -0400

===== MESSAGE:

Sass::SyntaxError: Invalid CSS after "about.scss": expected "{", was ""

===== COMPILATION STACK:

  (empty)

===== STACK TRACE:

  0. content/assets/stylesheets/about.scss:1
  1. /Users/justinraines/.rvm/gems/ruby-2.1.2@company/gems/sass-3.2.19/lib/sass/scss/parser.rb:1147:in `expected'
  2. /Users/justinraines/.rvm/gems/ruby-2.1.2@company/gems/sass-3.2.19/lib/sass/scss/parser.rb:1085:in `expected'
  3. /Users/justinraines/.rvm/gems/ruby-2.1.2@company/gems/sass-3.2.19/lib/sass/scss/parser.rb:1080:in `tok!'
  4. /Users/justinraines/.rvm/gems/ruby-2.1.2@company/gems/sass-3.2.19/lib/sass/scss/parser.rb:534:in `block'
  5. /Users/justinraines/.rvm/gems/ruby-2.1.2@company/gems/sass-3.2.19/lib/sass/scss/parser.rb:529:in `ruleset'
  6. /Users/justinraines/.rvm/gems/ruby-2.1.2@company/gems/sass-3.2.19/lib/sass/scss/parser.rb:553:in `block_child'
  7. /Users/justinraines/.rvm/gems/ruby-2.1.2@company/gems/sass-3.2.19/lib/sass/scss/parser.rb:543:in `block_contents'
  8. /Users/justinraines/.rvm/gems/ruby-2.1.2@company/gems/sass-3.2.19/lib/sass/scss/parser.rb:82:in `stylesheet'
  9. /Users/justinraines/.rvm/gems/ruby-2.1.2@company/gems/sass-3.2.19/lib/sass/scss/parser.rb:27:in `parse'
  10. /Users/justinraines/.rvm/gems/ruby-2.1.2@company/gems/sass-3.2.19/lib/sass/engine.rb:342:in `_to_tree'
  11. /Users/justinraines/.rvm/gems/ruby-2.1.2@company/gems/sass-3.2.19/lib/sass/engine.rb:315:in `_render'
  12. /Users/justinraines/.rvm/gems/ruby-2.1.2@company/gems/sass-3.2.19/lib/sass/engine.rb:262:in `render'
  13. /Users/justinraines/.rvm/gems/ruby-2.1.2@company/gems/nanoc-3.6.11/lib/nanoc/filters/sass.rb:20:in `run'
  14. /Users/justinraines/.rvm/gems/ruby-2.1.2@company/gems/nanoc-3.6.11/lib/nanoc/base/compilation/filter.rb:121:in `setup_and_run'
  15. /Users/justinraines/.rvm/gems/ruby-2.1.2@company/gems/nanoc-3.6.11/lib/nanoc/base/result_data/item_rep.rb:339:in `filter'
  16. /Users/justinraines/.rvm/gems/ruby-2.1.2@company/gems/nanoc-3.6.11/lib/nanoc/base/compilation/item_rep_proxy.rb:47:in `filter'
  17. /Users/justinraines/.rvm/gems/ruby-2.1.2@company/gems/nanoc-3.6.11/lib/nanoc/base/compilation/rule_context.rb:61:in `filter'
  18. ./Rules:24:in `block in load'
  19. /Users/justinraines/.rvm/gems/ruby-2.1.2@company/gems/nanoc-3.6.11/lib/nanoc/base/compilation/rule.rb:70:in `instance_eval'
  20. /Users/justinraines/.rvm/gems/ruby-2.1.2@company/gems/nanoc-3.6.11/lib/nanoc/base/compilation/rule.rb:70:in `apply_to'
  21. /Users/justinraines/.rvm/gems/ruby-2.1.2@company/gems/nanoc-3.6.11/lib/nanoc/base/compilation/compiler.rb:385:in `compile_rep'
  22. /Users/justinraines/.rvm/gems/ruby-2.1.2@company/gems/nanoc-3.6.11/lib/nanoc/base/compilation/compiler.rb:341:in `block in compile_reps'
  23. /Users/justinraines/.rvm/gems/ruby-2.1.2@company/gems/nanoc-3.6.11/lib/nanoc/base/compilation/compiler.rb:334:in `loop'
  24. /Users/justinraines/.rvm/gems/ruby-2.1.2@company/gems/nanoc-3.6.11/lib/nanoc/base/compilation/compiler.rb:334:in `compile_reps'
  25. /Users/justinraines/.rvm/gems/ruby-2.1.2@company/gems/nanoc-3.6.11/lib/nanoc/base/compilation/compiler.rb:89:in `run'
  26. /Users/justinraines/.rvm/gems/ruby-2.1.2@company/gems/nanoc-3.6.11/lib/nanoc/base/source_data/site.rb:58:in `compile'
  27. /Users/justinraines/.rvm/gems/ruby-2.1.2@company/gems/guard-nanoc-1.0.2/lib/guard/nanoc.rb:65:in `block in recompile'
  28. /Users/justinraines/.rvm/gems/ruby-2.1.2@company/gems/guard-nanoc-1.0.2/lib/guard/nanoc.rb:63:in `chdir'
  29. /Users/justinraines/.rvm/gems/ruby-2.1.2@company/gems/guard-nanoc-1.0.2/lib/guard/nanoc.rb:63:in `recompile'
  30. /Users/justinraines/.rvm/gems/ruby-2.1.2@company/gems/guard-nanoc-1.0.2/lib/guard/nanoc.rb:28:in `run_on_changes'
  31. /Users/justinraines/.rvm/gems/ruby-2.1.2@company/gems/guard-2.6.1/lib/guard/runner.rb:74:in `block in run_supervised_task'
  32. /Users/justinraines/.rvm/gems/ruby-2.1.2@company/gems/guard-2.6.1/lib/guard/runner.rb:71:in `catch'
  33. /Users/justinraines/.rvm/gems/ruby-2.1.2@company/gems/guard-2.6.1/lib/guard/runner.rb:71:in `run_supervised_task'
  34. /Users/justinraines/.rvm/gems/ruby-2.1.2@company/gems/guard-2.6.1/lib/guard/runner.rb:119:in `block in _run_first_task_found'
  35. /Users/justinraines/.rvm/gems/ruby-2.1.2@company/gems/guard-2.6.1/lib/guard/runner.rb:117:in `each'
  36. /Users/justinraines/.rvm/gems/ruby-2.1.2@company/gems/guard-2.6.1/lib/guard/runner.rb:117:in `_run_first_task_found'
  37. /Users/justinraines/.rvm/gems/ruby-2.1.2@company/gems/guard-2.6.1/lib/guard/runner.rb:54:in `block in run_on_changes'
  38. /Users/justinraines/.rvm/gems/ruby-2.1.2@company/gems/guard-2.6.1/lib/guard/runner.rb:150:in `block (3 levels) in _scoped_plugins'
  39. /Users/justinraines/.rvm/gems/ruby-2.1.2@company/gems/guard-2.6.1/lib/guard/runner.rb:148:in `each'
  40. /Users/justinraines/.rvm/gems/ruby-2.1.2@company/gems/guard-2.6.1/lib/guard/runner.rb:148:in `block (2 levels) in _scoped_plugins'
  41. /Users/justinraines/.rvm/gems/ruby-2.1.2@company/gems/guard-2.6.1/lib/guard/runner.rb:147:in `catch'
  42. /Users/justinraines/.rvm/gems/ruby-2.1.2@company/gems/guard-2.6.1/lib/guard/runner.rb:147:in `block in _scoped_plugins'
  43. /Users/justinraines/.rvm/gems/ruby-2.1.2@company/gems/guard-2.6.1/lib/guard/runner.rb:145:in `each'
  44. /Users/justinraines/.rvm/gems/ruby-2.1.2@company/gems/guard-2.6.1/lib/guard/runner.rb:145:in `_scoped_plugins'
  45. /Users/justinraines/.rvm/gems/ruby-2.1.2@company/gems/guard-2.6.1/lib/guard/runner.rb:46:in `run_on_changes'
  46. /Users/justinraines/.rvm/gems/ruby-2.1.2@company/gems/guard-2.6.1/lib/guard/setuper.rb:296:in `block (2 levels) in _listener_callback'
  47. /Users/justinraines/.rvm/gems/ruby-2.1.2@company/gems/guard-2.6.1/lib/guard/commander.rb:108:in `block in within_preserved_state'
  48. /Users/justinraines/.rvm/gems/ruby-2.1.2@company/gems/guard-2.6.1/lib/guard/commander.rb:105:in `synchronize'
  49. /Users/justinraines/.rvm/gems/ruby-2.1.2@company/gems/guard-2.6.1/lib/guard/commander.rb:105:in `within_preserved_state'
  50. /Users/justinraines/.rvm/gems/ruby-2.1.2@company/gems/guard-2.6.1/lib/guard/setuper.rb:295:in `block in _listener_callback'
  51. /Users/justinraines/.rvm/gems/ruby-2.1.2@company/gems/listen-2.7.5/lib/listen/listener.rb:159:in `call'
  52. /Users/justinraines/.rvm/gems/ruby-2.1.2@company/gems/listen-2.7.5/lib/listen/listener.rb:159:in `block in _wait_for_changes'
  53. /Users/justinraines/.rvm/gems/ruby-2.1.2@company/gems/listen-2.7.5/lib/listen/listener.rb:148:in `loop'
  54. /Users/justinraines/.rvm/gems/ruby-2.1.2@company/gems/listen-2.7.5/lib/listen/listener.rb:148:in `_wait_for_changes'

===== VERSION INFORMATION:

nanoc 3.6.11 © 2007-2014 Denis Defreyne.
Running ruby 2.1.2 (2014-05-08) on x86_64-darwin13.0 with RubyGems 2.2.2.

===== SYSTEM INFORMATION:

Darwin justinsmbp.home 13.1.0 Darwin Kernel Version 13.1.0: Thu Jan 16 19:40:37 PST 2014; root:xnu-2422.90.20~2/RELEASE_X86_64 x86_64

===== INSTALLED GEMS:

  adsf 1.2.0
  bootstrap-sass 3.1.1.1
  bundler 1.6.2
  celluloid 0.15.2
  chunky_png 1.3.1
  coderay 1.1.0
  colored 1.2
  compass 0.12.6
  cri 2.6.0
  em-websocket 0.5.1
  eventmachine 1.0.3
  execjs 2.0.2
  ffi 1.9.3
  formatador 0.2.4
  fssm 0.2.10
  guard 2.6.1
  guard-livereload 2.1.2
  guard-nanoc 1.0.2
  guard-process 1.0.6
  http_parser.rb 0.6.0
  json 1.8.1
  kramdown 1.3.3
  listen 2.7.5
  lumberjack 1.0.5
  method_source 0.8.2
  mini_portile 0.6.0
  multi_json 1.10.0
  nanoc 3.6.11
  nokogiri 1.6.2.1
  pry 0.9.12.6
  rack 1.5.2
  rack-livereload 0.3.15
  rb-fsevent 0.9.4
  rb-inotify 0.9.4
  redcarpet 3.1.2
  sass 3.2.19
  slop 3.5.0
  spoon 0.0.4
  systemu 2.6.4
  thor 0.19.1
  timers 1.1.0
  uglifier 2.5.0

===== ENVIRONMENT:

ANDROID_HOME => "/usr/local/opt/android-sdk"
Apple_PubSub_Socket_Render => "/tmp/launch-AzxjMy/Render"
BUNDLE_BIN_PATH => "/Users/justinraines/.rvm/gems/ruby-2.1.2@global/gems/bundler-1.6.2/bin/bundle"
BUNDLE_GEMFILE => "/Users/justinraines/Code/sideproject/justinrain/Gemfile"
COLORFGBG => "15;0"
COLUMNS => "112"
COMMAND_MODE => "unix2003"
GEM_HOME => "/Users/justinraines/.rvm/gems/ruby-2.1.2@company"
GEM_PATH => "/Users/justinraines/.rvm/gems/ruby-2.1.2@company:/Users/justinraines/.rvm/gems/ruby-2.1.2@global"
GROOVY_HOME => "/usr/local/opt/groovy/libexec"
GUARD_NOTIFIERS => "---\n- :name: :terminal_title\n  :options:\n    :silent: true\n"
GUARD_NOTIFY => "true"
HOME => "/Users/justinraines"
IRBRC => "/Users/justinraines/.rvm/rubies/ruby-2.1.2/.irbrc"
ITERM_PROFILE => "Default"
ITERM_SESSION_ID => "w0t0p0"
LANG => "en_US.UTF-8"
LINES => "25"
LOGNAME => "justinraines"
MANPATH => "/Users/justinraines/.rvm/gems/ruby-2.1.2@company/gems/kramdown-1.3.3/man"
MSF_DATABASE_CONFIG => "/usr/local/share/metasploit-framework/database.yml"
MY_RUBY_HOME => "/Users/justinraines/.rvm/rubies/ruby-2.1.2"
OLDPWD => "/Users/justinraines/Code"
PATH => "/Users/justinraines/.rvm/gems/ruby-2.1.2@company/bin:/Users/justinraines/.rvm/gems/ruby-2.1.2@global/bin:/Users/justinraines/.rvm/rubies/ruby-2.1.2/bin:/usr/local/opt/ruby193/bin:/usr/local/bin:/usr/local/sbin:/Users/justinraines/bin:/usr/bin:/bin:/usr/sbin:/sbin:/Users/justinraines/.rvm/bin"
PWD => "/Users/justinraines/Code/sideproject/justinrain"
RUBYLIB => "/Users/justinraines/.rvm/gems/ruby-2.1.2@global/gems/bundler-1.6.2/lib"
RUBYOPT => "-rbundler/setup"
SECURITYSESSIONID => "186a6"
SHELL => "/bin/bash"
SHLVL => "1"
SSH_AUTH_SOCK => "/tmp/launch-u4HYZ4/Listeners"
TERM => "xterm"
TERM_PROGRAM => "iTerm.app"
TMPDIR => "/var/folders/yd/ry79nr1n4358xrld8_7p9q900000gn/T/"
USER => "justinraines"
_ => "/Users/justinraines/.rvm/gems/ruby-2.1.2@company/bin/guard"
_ORIGINAL_GEM_PATH => "/Users/justinraines/.rvm/gems/ruby-2.1.2@company:/Users/justinraines/.rvm/gems/ruby-2.1.2@global"
__CF_USER_TEXT_ENCODING => "0x1F5:0:0"
__CHECKFIX1436934 => "1"
_system_arch => "x86_64"
_system_name => "OSX"
_system_type => "Darwin"
_system_version => "10.9"
rvm_bin_path => "/Users/justinraines/.rvm/bin"
rvm_path => "/Users/justinraines/.rvm"
rvm_prefix => "/Users/justinraines"
rvm_recommended_ruby => "rvm install ruby-2.0.0-p0"
rvm_use_flag => "1"
rvm_version => "1.25.26 (stable)"

===== GEMFILE.LOCK:

GEM
  remote: http://rubygems.org/
  specs:
    adsf (1.2.0)
      rack (>= 1.0.0)
    bootstrap-sass (3.1.1.1)
      sass (~> 3.2)
    celluloid (0.15.2)
      timers (~> 1.1.0)
    chunky_png (1.3.1)
    coderay (1.1.0)
    colored (1.2)
    compass (0.12.6)
      chunky_png (~> 1.2)
      fssm (>= 0.2.7)
      sass (~> 3.2.19)
    cri (2.6.0)
      colored (~> 1.2)
    em-websocket (0.5.1)
      eventmachine (>= 0.12.9)
      http_parser.rb (~> 0.6.0)
    eventmachine (1.0.3)
    execjs (2.0.2)
    ffi (1.9.3)
    formatador (0.2.4)
    fssm (0.2.10)
    guard (2.6.1)
      formatador (>= 0.2.4)
      listen (~> 2.7)
      lumberjack (~> 1.0)
      pry (>= 0.9.12)
      thor (>= 0.18.1)
    guard-livereload (2.1.2)
      em-websocket (~> 0.5)
      guard (~> 2.0)
      multi_json (~> 1.8)
    guard-nanoc (1.0.2)
      guard (>= 1.8.0)
      nanoc (>= 3.6.3)
    guard-process (1.0.6)
      guard (>= 0.4.2)
      spoon (~> 0.0.1)
    http_parser.rb (0.6.0)
    json (1.8.1)
    kramdown (1.3.3)
    listen (2.7.5)
      celluloid (>= 0.15.2)
      rb-fsevent (>= 0.9.3)
      rb-inotify (>= 0.9)
    lumberjack (1.0.5)
    method_source (0.8.2)
    mini_portile (0.6.0)
    multi_json (1.10.0)
    nanoc (3.6.11)
      cri (~> 2.3)
    nokogiri (1.6.2.1)
      mini_portile (= 0.6.0)
    pry (0.9.12.6)
      coderay (~> 1.0)
      method_source (~> 0.8)
      slop (~> 3.4)
    rack (1.5.2)
    rack-livereload (0.3.15)
      rack
    rb-fsevent (0.9.4)
    rb-inotify (0.9.4)
      ffi (>= 0.5.0)
    redcarpet (3.1.2)
    sass (3.2.19)
    slop (3.5.0)
    spoon (0.0.4)
      ffi
    systemu (2.6.4)
    thor (0.19.1)
    timers (1.1.0)
    uglifier (2.5.0)
      execjs (>= 0.3.0)
      json (>= 1.8.0)

PLATFORMS
  ruby

DEPENDENCIES
  adsf
  bootstrap-sass (~> 3.1.1)
  compass
  guard
  guard-livereload
  guard-nanoc
  guard-process
  kramdown
  nanoc
  nokogiri
  rack-livereload
  redcarpet
  systemu
  uglifier

===== LOAD PATHS:

  0. /Users/justinraines/.rvm/gems/ruby-2.1.2@company/gems/http_parser.rb-0.6.0/lib
  1. /Users/justinraines/.rvm/gems/ruby-2.1.2@company/gems/em-websocket-0.5.1/lib/../lib
  2. /Users/justinraines/.rvm/gems/ruby-2.1.2@company/gems/uglifier-2.5.0/lib
  3. /Users/justinraines/.rvm/gems/ruby-2.1.2@company/gems/systemu-2.6.4/lib
  4. /Users/justinraines/.rvm/gems/ruby-2.1.2@company/extensions/x86_64-darwin-13/2.1.0-static/redcarpet-3.1.2
  5. /Users/justinraines/.rvm/gems/ruby-2.1.2@company/gems/redcarpet-3.1.2/lib
  6. /Users/justinraines/.rvm/gems/ruby-2.1.2@company/gems/rack-livereload-0.3.15/lib
  7. /Users/justinraines/.rvm/gems/ruby-2.1.2@company/extensions/x86_64-darwin-13/2.1.0-static/nokogiri-1.6.2.1
  8. /Users/justinraines/.rvm/gems/ruby-2.1.2@company/gems/nokogiri-1.6.2.1/lib
  9. /Users/justinraines/.rvm/gems/ruby-2.1.2@company/gems/mini_portile-0.6.0/lib
  10. /Users/justinraines/.rvm/gems/ruby-2.1.2@company/gems/kramdown-1.3.3/lib
  11. /Users/justinraines/.rvm/rubies/ruby-2.1.2/lib/ruby/gems/2.1.0/gems/json-1.8.1/lib
  12. /Users/justinraines/.rvm/gems/ruby-2.1.2@company/gems/guard-process-1.0.6/lib
  13. /Users/justinraines/.rvm/gems/ruby-2.1.2@company/gems/spoon-0.0.4/lib
  14. /Users/justinraines/.rvm/gems/ruby-2.1.2@company/gems/guard-nanoc-1.0.2/lib
  15. /Users/justinraines/.rvm/gems/ruby-2.1.2@company/gems/nanoc-3.6.11/lib
  16. /Users/justinraines/.rvm/gems/ruby-2.1.2@company/gems/guard-livereload-2.1.2/lib
  17. /Users/justinraines/.rvm/gems/ruby-2.1.2@company/gems/multi_json-1.10.0/lib
  18. /Users/justinraines/.rvm/gems/ruby-2.1.2@company/gems/guard-2.6.1/lib
  19. /Users/justinraines/.rvm/gems/ruby-2.1.2@company/gems/thor-0.19.1/lib
  20. /Users/justinraines/.rvm/gems/ruby-2.1.2@company/gems/pry-0.9.12.6/lib
  21. /Users/justinraines/.rvm/gems/ruby-2.1.2@company/gems/slop-3.5.0/lib
  22. /Users/justinraines/.rvm/gems/ruby-2.1.2@company/gems/method_source-0.8.2/lib
  23. /Users/justinraines/.rvm/gems/ruby-2.1.2@company/gems/lumberjack-1.0.5/lib
  24. /Users/justinraines/.rvm/gems/ruby-2.1.2@company/gems/listen-2.7.5/lib
  25. /Users/justinraines/.rvm/gems/ruby-2.1.2@company/gems/rb-inotify-0.9.4/lib
  26. /Users/justinraines/.rvm/gems/ruby-2.1.2@company/gems/rb-fsevent-0.9.4/lib
  27. /Users/justinraines/.rvm/gems/ruby-2.1.2@company/gems/formatador-0.2.4/lib
  28. /Users/justinraines/.rvm/gems/ruby-2.1.2@company/extensions/x86_64-darwin-13/2.1.0-static/ffi-1.9.3
  29. /Users/justinraines/.rvm/gems/ruby-2.1.2@company/gems/ffi-1.9.3/lib
  30. /Users/justinraines/.rvm/gems/ruby-2.1.2@company/gems/ffi-1.9.3/ext/ffi_c
  31. /Users/justinraines/.rvm/gems/ruby-2.1.2@company/gems/execjs-2.0.2/lib
  32. /Users/justinraines/.rvm/gems/ruby-2.1.2@company/gems/em-websocket-0.5.1/lib
  33. /Users/justinraines/.rvm/gems/ruby-2.1.2@company/extensions/x86_64-darwin-13/2.1.0-static/http_parser.rb-0.6.0
  34. /Users/justinraines/.rvm/gems/ruby-2.1.2@company/gems/http_parser.rb-0.6.0/lib
  35. /Users/justinraines/.rvm/gems/ruby-2.1.2@company/extensions/x86_64-darwin-13/2.1.0-static/eventmachine-1.0.3
  36. /Users/justinraines/.rvm/gems/ruby-2.1.2@company/gems/eventmachine-1.0.3/lib
  37. /Users/justinraines/.rvm/gems/ruby-2.1.2@company/gems/cri-2.6.0/lib
  38. /Users/justinraines/.rvm/gems/ruby-2.1.2@company/gems/compass-0.12.6/lib
  39. /Users/justinraines/.rvm/gems/ruby-2.1.2@company/gems/fssm-0.2.10/lib
  40. /Users/justinraines/.rvm/gems/ruby-2.1.2@company/gems/colored-1.2/lib
  41. /Users/justinraines/.rvm/gems/ruby-2.1.2@company/gems/coderay-1.1.0/lib
  42. /Users/justinraines/.rvm/gems/ruby-2.1.2@company/gems/chunky_png-1.3.1/lib
  43. /Users/justinraines/.rvm/gems/ruby-2.1.2@company/gems/celluloid-0.15.2/lib
  44. /Users/justinraines/.rvm/gems/ruby-2.1.2@company/gems/timers-1.1.0/lib
  45. /Users/justinraines/.rvm/gems/ruby-2.1.2@company/gems/bootstrap-sass-3.1.1.1/lib
  46. /Users/justinraines/.rvm/gems/ruby-2.1.2@company/gems/sass-3.2.19/lib
  47. /Users/justinraines/.rvm/gems/ruby-2.1.2@company/gems/adsf-1.2.0/lib
  48. /Users/justinraines/.rvm/gems/ruby-2.1.2@company/gems/rack-1.5.2/lib
  49. /Users/justinraines/.rvm/gems/ruby-2.1.2@global/gems/bundler-1.6.2/lib
  50. /Users/justinraines/.rvm/rubies/ruby-2.1.2/lib/ruby/site_ruby/2.1.0
  51. /Users/justinraines/.rvm/rubies/ruby-2.1.2/lib/ruby/site_ruby/2.1.0/x86_64-darwin13.0
  52. /Users/justinraines/.rvm/rubies/ruby-2.1.2/lib/ruby/site_ruby
  53. /Users/justinraines/.rvm/rubies/ruby-2.1.2/lib/ruby/vendor_ruby/2.1.0
  54. /Users/justinraines/.rvm/rubies/ruby-2.1.2/lib/ruby/vendor_ruby/2.1.0/x86_64-darwin13.0
  55. /Users/justinraines/.rvm/rubies/ruby-2.1.2/lib/ruby/vendor_ruby
  56. /Users/justinraines/.rvm/rubies/ruby-2.1.2/lib/ruby/2.1.0
  57. /Users/justinraines/.rvm/rubies/ruby-2.1.2/lib/ruby/2.1.0/x86_64-darwin13.0
