# Logfile created on 2014-04-23 10:49:00 -0400 by logger.rb/41954
I, [2014-04-23T10:49:00.749393 #20682]  INFO -- : 0:  rack (1.5.2) from /Users/justinraines/.rvm/gems/ruby-2.0.0-p353@company/specifications/rack-1.5.2.gemspec
I, [2014-04-23T10:49:00.987049 #20682]  INFO -- : 0:  adsf (1.2.0) from /Users/justinraines/.rvm/gems/ruby-2.0.0-p353@company/specifications/adsf-1.2.0.gemspec
I, [2014-04-23T10:49:01.550745 #20682]  INFO -- : 0:  sass (3.2.19) from /Users/justinraines/.rvm/gems/ruby-2.0.0-p353@company/specifications/sass-3.2.19.gemspec
I, [2014-04-23T10:49:02.673887 #20682]  INFO -- : 0:  bootstrap-sass (3.1.1.0) from /Users/justinraines/.rvm/gems/ruby-2.0.0-p353@company/specifications/bootstrap-sass-3.1.1.0.gemspec
I, [2014-04-23T10:49:02.892724 #20682]  INFO -- : 0:  timers (1.1.0) from /Users/justinraines/.rvm/gems/ruby-2.0.0-p353@company/specifications/timers-1.1.0.gemspec
I, [2014-04-23T10:49:03.211479 #20682]  INFO -- : 0:  celluloid (0.15.2) from /Users/justinraines/.rvm/gems/ruby-2.0.0-p353@company/specifications/celluloid-0.15.2.gemspec
I, [2014-04-23T10:49:08.903065 #20682]  INFO -- : 0:  nio4r (1.0.0) from /Users/justinraines/.rvm/gems/ruby-2.0.0-p353@company/specifications/nio4r-1.0.0.gemspec
I, [2014-04-23T10:49:09.167045 #20682]  INFO -- : 0:  celluloid-io (0.15.0) from /Users/justinraines/.rvm/gems/ruby-2.0.0-p353@company/specifications/celluloid-io-0.15.0.gemspec
I, [2014-04-23T10:49:09.767396 #20682]  INFO -- : 0:  chunky_png (1.3.0) from /Users/justinraines/.rvm/gems/ruby-2.0.0-p353@company/specifications/chunky_png-1.3.0.gemspec
I, [2014-04-23T10:49:10.093810 #20682]  INFO -- : 0:  coderay (1.1.0) from /Users/justinraines/.rvm/gems/ruby-2.0.0-p353@company/specifications/coderay-1.1.0.gemspec
I, [2014-04-23T10:49:10.300872 #20682]  INFO -- : 0:  colored (1.2) from /Users/justinraines/.rvm/gems/ruby-2.0.0-p353@company/specifications/colored-1.2.gemspec
I, [2014-04-23T10:49:10.552394 #20682]  INFO -- : 0:  fssm (0.2.10) from /Users/justinraines/.rvm/gems/ruby-2.0.0-p353@company/specifications/fssm-0.2.10.gemspec
I, [2014-04-23T10:49:13.065899 #20682]  INFO -- : 0:  compass (0.12.5) from /Users/justinraines/.rvm/gems/ruby-2.0.0-p353@company/specifications/compass-0.12.5.gemspec
I, [2014-04-23T10:49:13.718299 #20682]  INFO -- : 0:  cri (2.6.0) from /Users/justinraines/.rvm/gems/ruby-2.0.0-p353@company/specifications/cri-2.6.0.gemspec
I, [2014-04-23T10:49:20.603656 #20682]  INFO -- : 0:  ffi (1.9.3) from /Users/justinraines/.rvm/gems/ruby-2.0.0-p353@company/specifications/ffi-1.9.3.gemspec
I, [2014-04-23T10:49:20.832279 #20682]  INFO -- : 0:  formatador (0.2.4) from /Users/justinraines/.rvm/gems/ruby-2.0.0-p353@company/specifications/formatador-0.2.4.gemspec
I, [2014-04-23T10:49:21.131408 #20682]  INFO -- : 0:  rb-fsevent (0.9.4) from /Users/justinraines/.rvm/gems/ruby-2.0.0-p353@company/specifications/rb-fsevent-0.9.4.gemspec
I, [2014-04-23T10:49:21.364019 #20682]  INFO -- : 0:  rb-inotify (0.9.3) from /Users/justinraines/.rvm/gems/ruby-2.0.0-p353@company/specifications/rb-inotify-0.9.3.gemspec
I, [2014-04-23T10:49:21.624517 #20682]  INFO -- : 0:  listen (2.7.1) from /Users/justinraines/.rvm/gems/ruby-2.0.0-p353@company/specifications/listen-2.7.1.gemspec
I, [2014-04-23T10:49:21.903936 #20682]  INFO -- : 0:  lumberjack (1.0.5) from /Users/justinraines/.rvm/gems/ruby-2.0.0-p353@company/specifications/lumberjack-1.0.5.gemspec
I, [2014-04-23T10:49:22.114016 #20682]  INFO -- : 0:  method_source (0.8.2) from /Users/justinraines/.rvm/gems/ruby-2.0.0-p353@company/specifications/method_source-0.8.2.gemspec
I, [2014-04-23T10:49:22.321196 #20682]  INFO -- : 0:  slop (3.5.0) from /Users/justinraines/.rvm/gems/ruby-2.0.0-p353@company/specifications/slop-3.5.0.gemspec
I, [2014-04-23T10:49:22.780476 #20682]  INFO -- : 0:  pry (0.9.12.6) from /Users/justinraines/.rvm/gems/ruby-2.0.0-p353@company/specifications/pry-0.9.12.6.gemspec
I, [2014-04-23T10:49:23.129291 #20682]  INFO -- : 0:  thor (0.19.1) from /Users/justinraines/.rvm/gems/ruby-2.0.0-p353@company/specifications/thor-0.19.1.gemspec
I, [2014-04-23T10:49:23.467387 #20682]  INFO -- : 0:  guard (2.6.0) from /Users/justinraines/.rvm/gems/ruby-2.0.0-p353@company/specifications/guard-2.6.0.gemspec
I, [2014-04-23T10:49:23.922263 #20682]  INFO -- : 0:  nanoc (3.6.8) from /Users/justinraines/.rvm/gems/ruby-2.0.0-p353@company/specifications/nanoc-3.6.8.gemspec
I, [2014-04-23T10:49:24.135249 #20682]  INFO -- : 0:  guard-nanoc (1.0.2) from /Users/justinraines/.rvm/gems/ruby-2.0.0-p353@company/specifications/guard-nanoc-1.0.2.gemspec
I, [2014-04-23T10:49:24.651919 #20682]  INFO -- : 0:  spoon (0.0.4) from /Users/justinraines/.rvm/gems/ruby-2.0.0-p353@company/specifications/spoon-0.0.4.gemspec
I, [2014-04-23T10:49:24.868904 #20682]  INFO -- : 0:  guard-process (1.0.6) from /Users/justinraines/.rvm/gems/ruby-2.0.0-p353@company/specifications/guard-process-1.0.6.gemspec
I, [2014-04-23T10:49:25.499005 #20682]  INFO -- : 0:  kramdown (1.3.3) from /Users/justinraines/.rvm/gems/ruby-2.0.0-p353@company/specifications/kramdown-1.3.3.gemspec
I, [2014-04-23T10:49:25.499619 #20682]  INFO -- : 0:  bundler (1.5.1) from /Users/justinraines/.rvm/gems/ruby-2.0.0-p353@global/specifications/bundler-1.5.1.gemspec
I, [2014-05-01T11:17:23.823397 #5942]  INFO -- : 0:  rack (1.5.2) from /Users/justinraines/.rvm/gems/ruby-2.0.0-p353@company/specifications/rack-1.5.2.gemspec
I, [2014-05-01T11:17:23.844142 #5942]  INFO -- : 0:  adsf (1.2.0) from /Users/justinraines/.rvm/gems/ruby-2.0.0-p353@company/specifications/adsf-1.2.0.gemspec
I, [2014-05-01T11:17:23.844635 #5942]  INFO -- : 0:  sass (3.2.19) from /Users/justinraines/.rvm/gems/ruby-2.0.0-p353@company/specifications/sass-3.2.19.gemspec
I, [2014-05-01T11:17:23.845177 #5942]  INFO -- : 0:  bootstrap-sass (3.1.1.0) from /Users/justinraines/.rvm/gems/ruby-2.0.0-p353@company/specifications/bootstrap-sass-3.1.1.0.gemspec
I, [2014-05-01T11:17:23.845583 #5942]  INFO -- : 0:  timers (1.1.0) from /Users/justinraines/.rvm/gems/ruby-2.0.0-p353@company/specifications/timers-1.1.0.gemspec
I, [2014-05-01T11:17:23.845988 #5942]  INFO -- : 0:  celluloid (0.15.2) from /Users/justinraines/.rvm/gems/ruby-2.0.0-p353@company/specifications/celluloid-0.15.2.gemspec
I, [2014-05-01T11:17:23.846326 #5942]  INFO -- : 0:  nio4r (1.0.0) from /Users/justinraines/.rvm/gems/ruby-2.0.0-p353@company/specifications/nio4r-1.0.0.gemspec
I, [2014-05-01T11:17:23.846659 #5942]  INFO -- : 0:  celluloid-io (0.15.0) from /Users/justinraines/.rvm/gems/ruby-2.0.0-p353@company/specifications/celluloid-io-0.15.0.gemspec
I, [2014-05-01T11:17:23.846999 #5942]  INFO -- : 0:  chunky_png (1.3.0) from /Users/justinraines/.rvm/gems/ruby-2.0.0-p353@company/specifications/chunky_png-1.3.0.gemspec
I, [2014-05-01T11:17:23.847339 #5942]  INFO -- : 0:  coderay (1.1.0) from /Users/justinraines/.rvm/gems/ruby-2.0.0-p353@company/specifications/coderay-1.1.0.gemspec
I, [2014-05-01T11:17:23.847678 #5942]  INFO -- : 0:  colored (1.2) from /Users/justinraines/.rvm/gems/ruby-2.0.0-p353@company/specifications/colored-1.2.gemspec
I, [2014-05-01T11:17:23.848015 #5942]  INFO -- : 0:  fssm (0.2.10) from /Users/justinraines/.rvm/gems/ruby-2.0.0-p353@company/specifications/fssm-0.2.10.gemspec
I, [2014-05-01T11:17:23.848352 #5942]  INFO -- : 0:  compass (0.12.5) from /Users/justinraines/.rvm/gems/ruby-2.0.0-p353@company/specifications/compass-0.12.5.gemspec
I, [2014-05-01T11:17:23.848695 #5942]  INFO -- : 0:  cri (2.6.0) from /Users/justinraines/.rvm/gems/ruby-2.0.0-p353@company/specifications/cri-2.6.0.gemspec
I, [2014-05-01T11:17:23.849032 #5942]  INFO -- : 0:  ffi (1.9.3) from /Users/justinraines/.rvm/gems/ruby-2.0.0-p353@company/specifications/ffi-1.9.3.gemspec
I, [2014-05-01T11:17:23.849358 #5942]  INFO -- : 0:  formatador (0.2.4) from /Users/justinraines/.rvm/gems/ruby-2.0.0-p353@company/specifications/formatador-0.2.4.gemspec
I, [2014-05-01T11:17:23.849700 #5942]  INFO -- : 0:  rb-fsevent (0.9.4) from /Users/justinraines/.rvm/gems/ruby-2.0.0-p353@company/specifications/rb-fsevent-0.9.4.gemspec
I, [2014-05-01T11:17:23.850035 #5942]  INFO -- : 0:  rb-inotify (0.9.3) from /Users/justinraines/.rvm/gems/ruby-2.0.0-p353@company/specifications/rb-inotify-0.9.3.gemspec
I, [2014-05-01T11:17:23.850382 #5942]  INFO -- : 0:  listen (2.7.1) from /Users/justinraines/.rvm/gems/ruby-2.0.0-p353@company/specifications/listen-2.7.1.gemspec
I, [2014-05-01T11:17:23.850679 #5942]  INFO -- : 0:  lumberjack (1.0.5) from /Users/justinraines/.rvm/gems/ruby-2.0.0-p353@company/specifications/lumberjack-1.0.5.gemspec
I, [2014-05-01T11:17:23.850973 #5942]  INFO -- : 0:  method_source (0.8.2) from /Users/justinraines/.rvm/gems/ruby-2.0.0-p353@company/specifications/method_source-0.8.2.gemspec
I, [2014-05-01T11:17:23.851266 #5942]  INFO -- : 0:  slop (3.5.0) from /Users/justinraines/.rvm/gems/ruby-2.0.0-p353@company/specifications/slop-3.5.0.gemspec
I, [2014-05-01T11:17:23.851558 #5942]  INFO -- : 0:  pry (0.9.12.6) from /Users/justinraines/.rvm/gems/ruby-2.0.0-p353@company/specifications/pry-0.9.12.6.gemspec
I, [2014-05-01T11:17:23.851907 #5942]  INFO -- : 0:  thor (0.19.1) from /Users/justinraines/.rvm/gems/ruby-2.0.0-p353@company/specifications/thor-0.19.1.gemspec
I, [2014-05-01T11:17:23.852267 #5942]  INFO -- : 0:  guard (2.6.0) from /Users/justinraines/.rvm/gems/ruby-2.0.0-p353@company/specifications/guard-2.6.0.gemspec
I, [2014-05-01T11:17:23.852557 #5942]  INFO -- : 0:  nanoc (3.6.8) from /Users/justinraines/.rvm/gems/ruby-2.0.0-p353@company/specifications/nanoc-3.6.8.gemspec
I, [2014-05-01T11:17:23.852821 #5942]  INFO -- : 0:  guard-nanoc (1.0.2) from /Users/justinraines/.rvm/gems/ruby-2.0.0-p353@company/specifications/guard-nanoc-1.0.2.gemspec
I, [2014-05-01T11:17:23.853081 #5942]  INFO -- : 0:  spoon (0.0.4) from /Users/justinraines/.rvm/gems/ruby-2.0.0-p353@company/specifications/spoon-0.0.4.gemspec
I, [2014-05-01T11:17:23.853388 #5942]  INFO -- : 0:  guard-process (1.0.6) from /Users/justinraines/.rvm/gems/ruby-2.0.0-p353@company/specifications/guard-process-1.0.6.gemspec
I, [2014-05-01T11:17:23.853665 #5942]  INFO -- : 0:  kramdown (1.3.3) from /Users/justinraines/.rvm/gems/ruby-2.0.0-p353@company/specifications/kramdown-1.3.3.gemspec
I, [2014-05-01T11:17:24.585549 #5942]  INFO -- : 0:  mini_portile (0.5.3) from /Users/justinraines/.rvm/gems/ruby-2.0.0-p353@company/specifications/mini_portile-0.5.3.gemspec
I, [2014-05-01T11:19:10.478939 #5942]  INFO -- : 0:  nokogiri (1.6.1) from /Users/justinraines/.rvm/gems/ruby-2.0.0-p353@company/specifications/nokogiri-1.6.1.gemspec
I, [2014-05-01T11:19:10.479783 #5942]  INFO -- : 0:  bundler (1.5.1) from /Users/justinraines/.rvm/gems/ruby-2.0.0-p353@global/specifications/bundler-1.5.1.gemspec
I, [2014-05-01T17:40:21.279241 #31573]  INFO -- : 0:  rack (1.5.2) from /Users/justinraines/.rvm/gems/ruby-2.0.0-p353@company/specifications/rack-1.5.2.gemspec
I, [2014-05-01T17:40:21.282953 #31573]  INFO -- : 0:  adsf (1.2.0) from /Users/justinraines/.rvm/gems/ruby-2.0.0-p353@company/specifications/adsf-1.2.0.gemspec
I, [2014-05-01T17:40:21.283392 #31573]  INFO -- : 0:  sass (3.2.19) from /Users/justinraines/.rvm/gems/ruby-2.0.0-p353@company/specifications/sass-3.2.19.gemspec
I, [2014-05-01T17:40:21.283751 #31573]  INFO -- : 0:  bootstrap-sass (3.1.1.0) from /Users/justinraines/.rvm/gems/ruby-2.0.0-p353@company/specifications/bootstrap-sass-3.1.1.0.gemspec
I, [2014-05-01T17:40:21.284150 #31573]  INFO -- : 0:  timers (1.1.0) from /Users/justinraines/.rvm/gems/ruby-2.0.0-p353@company/specifications/timers-1.1.0.gemspec
I, [2014-05-01T17:40:21.284582 #31573]  INFO -- : 0:  celluloid (0.15.2) from /Users/justinraines/.rvm/gems/ruby-2.0.0-p353@company/specifications/celluloid-0.15.2.gemspec
I, [2014-05-01T17:40:21.284952 #31573]  INFO -- : 0:  nio4r (1.0.0) from /Users/justinraines/.rvm/gems/ruby-2.0.0-p353@company/specifications/nio4r-1.0.0.gemspec
I, [2014-05-01T17:40:21.285301 #31573]  INFO -- : 0:  celluloid-io (0.15.0) from /Users/justinraines/.rvm/gems/ruby-2.0.0-p353@company/specifications/celluloid-io-0.15.0.gemspec
I, [2014-05-01T17:40:21.285646 #31573]  INFO -- : 0:  chunky_png (1.3.0) from /Users/justinraines/.rvm/gems/ruby-2.0.0-p353@company/specifications/chunky_png-1.3.0.gemspec
I, [2014-05-01T17:40:21.285989 #31573]  INFO -- : 0:  coderay (1.1.0) from /Users/justinraines/.rvm/gems/ruby-2.0.0-p353@company/specifications/coderay-1.1.0.gemspec
I, [2014-05-01T17:40:21.286348 #31573]  INFO -- : 0:  colored (1.2) from /Users/justinraines/.rvm/gems/ruby-2.0.0-p353@company/specifications/colored-1.2.gemspec
I, [2014-05-01T17:40:21.286762 #31573]  INFO -- : 0:  fssm (0.2.10) from /Users/justinraines/.rvm/gems/ruby-2.0.0-p353@company/specifications/fssm-0.2.10.gemspec
I, [2014-05-01T17:40:21.287216 #31573]  INFO -- : 0:  compass (0.12.5) from /Users/justinraines/.rvm/gems/ruby-2.0.0-p353@company/specifications/compass-0.12.5.gemspec
I, [2014-05-01T17:40:21.287676 #31573]  INFO -- : 0:  cri (2.6.0) from /Users/justinraines/.rvm/gems/ruby-2.0.0-p353@company/specifications/cri-2.6.0.gemspec
I, [2014-05-01T17:40:22.324528 #31573]  INFO -- : 0:  execjs (2.0.2) from /Users/justinraines/.rvm/gems/ruby-2.0.0-p353@company/specifications/execjs-2.0.2.gemspec
I, [2014-05-01T17:40:22.325148 #31573]  INFO -- : 0:  ffi (1.9.3) from /Users/justinraines/.rvm/gems/ruby-2.0.0-p353@company/specifications/ffi-1.9.3.gemspec
I, [2014-05-01T17:40:22.325937 #31573]  INFO -- : 0:  formatador (0.2.4) from /Users/justinraines/.rvm/gems/ruby-2.0.0-p353@company/specifications/formatador-0.2.4.gemspec
I, [2014-05-01T17:40:22.326537 #31573]  INFO -- : 0:  rb-fsevent (0.9.4) from /Users/justinraines/.rvm/gems/ruby-2.0.0-p353@company/specifications/rb-fsevent-0.9.4.gemspec
I, [2014-05-01T17:40:22.326874 #31573]  INFO -- : 0:  rb-inotify (0.9.3) from /Users/justinraines/.rvm/gems/ruby-2.0.0-p353@company/specifications/rb-inotify-0.9.3.gemspec
I, [2014-05-01T17:40:22.327192 #31573]  INFO -- : 0:  listen (2.7.1) from /Users/justinraines/.rvm/gems/ruby-2.0.0-p353@company/specifications/listen-2.7.1.gemspec
I, [2014-05-01T17:40:22.327526 #31573]  INFO -- : 0:  lumberjack (1.0.5) from /Users/justinraines/.rvm/gems/ruby-2.0.0-p353@company/specifications/lumberjack-1.0.5.gemspec
I, [2014-05-01T17:40:22.327854 #31573]  INFO -- : 0:  method_source (0.8.2) from /Users/justinraines/.rvm/gems/ruby-2.0.0-p353@company/specifications/method_source-0.8.2.gemspec
I, [2014-05-01T17:40:22.328228 #31573]  INFO -- : 0:  slop (3.5.0) from /Users/justinraines/.rvm/gems/ruby-2.0.0-p353@company/specifications/slop-3.5.0.gemspec
I, [2014-05-01T17:40:22.328562 #31573]  INFO -- : 0:  pry (0.9.12.6) from /Users/justinraines/.rvm/gems/ruby-2.0.0-p353@company/specifications/pry-0.9.12.6.gemspec
I, [2014-05-01T17:40:22.328895 #31573]  INFO -- : 0:  thor (0.19.1) from /Users/justinraines/.rvm/gems/ruby-2.0.0-p353@company/specifications/thor-0.19.1.gemspec
I, [2014-05-01T17:40:22.329227 #31573]  INFO -- : 0:  guard (2.6.0) from /Users/justinraines/.rvm/gems/ruby-2.0.0-p353@company/specifications/guard-2.6.0.gemspec
I, [2014-05-01T17:40:22.329614 #31573]  INFO -- : 0:  nanoc (3.6.8) from /Users/justinraines/.rvm/gems/ruby-2.0.0-p353@company/specifications/nanoc-3.6.8.gemspec
I, [2014-05-01T17:40:22.330095 #31573]  INFO -- : 0:  guard-nanoc (1.0.2) from /Users/justinraines/.rvm/gems/ruby-2.0.0-p353@company/specifications/guard-nanoc-1.0.2.gemspec
I, [2014-05-01T17:40:22.330529 #31573]  INFO -- : 0:  spoon (0.0.4) from /Users/justinraines/.rvm/gems/ruby-2.0.0-p353@company/specifications/spoon-0.0.4.gemspec
I, [2014-05-01T17:40:22.330866 #31573]  INFO -- : 0:  guard-process (1.0.6) from /Users/justinraines/.rvm/gems/ruby-2.0.0-p353@company/specifications/guard-process-1.0.6.gemspec
I, [2014-05-01T17:40:25.435872 #31573]  INFO -- : 0:  json (1.8.1) from /Users/justinraines/.rvm/gems/ruby-2.0.0-p353@company/specifications/json-1.8.1.gemspec
I, [2014-05-01T17:40:25.436698 #31573]  INFO -- : 0:  kramdown (1.3.3) from /Users/justinraines/.rvm/gems/ruby-2.0.0-p353@company/specifications/kramdown-1.3.3.gemspec
I, [2014-05-01T17:40:25.437179 #31573]  INFO -- : 0:  mini_portile (0.5.3) from /Users/justinraines/.rvm/gems/ruby-2.0.0-p353@company/specifications/mini_portile-0.5.3.gemspec
I, [2014-05-01T17:40:25.437640 #31573]  INFO -- : 0:  nokogiri (1.6.1) from /Users/justinraines/.rvm/gems/ruby-2.0.0-p353@company/specifications/nokogiri-1.6.1.gemspec
I, [2014-05-01T17:40:25.915711 #31573]  INFO -- : 0:  uglifier (2.5.0) from /Users/justinraines/.rvm/gems/ruby-2.0.0-p353@company/specifications/uglifier-2.5.0.gemspec
I, [2014-05-01T17:40:25.916232 #31573]  INFO -- : 0:  bundler (1.5.1) from /Users/justinraines/.rvm/gems/ruby-2.0.0-p353@global/specifications/bundler-1.5.1.gemspec
I, [2014-05-03T17:29:23.160195 #41164]  INFO -- : 0:  rack (1.5.2) from /Users/justinraines/.rvm/gems/ruby-2.0.0-p353@company/specifications/rack-1.5.2.gemspec
I, [2014-05-03T17:29:23.192310 #41164]  INFO -- : 0:  adsf (1.2.0) from /Users/justinraines/.rvm/gems/ruby-2.0.0-p353@company/specifications/adsf-1.2.0.gemspec
I, [2014-05-03T17:29:23.192720 #41164]  INFO -- : 0:  sass (3.2.19) from /Users/justinraines/.rvm/gems/ruby-2.0.0-p353@company/specifications/sass-3.2.19.gemspec
I, [2014-05-03T17:29:23.193069 #41164]  INFO -- : 0:  bootstrap-sass (3.1.1.0) from /Users/justinraines/.rvm/gems/ruby-2.0.0-p353@company/specifications/bootstrap-sass-3.1.1.0.gemspec
I, [2014-05-03T17:29:23.193403 #41164]  INFO -- : 0:  timers (1.1.0) from /Users/justinraines/.rvm/gems/ruby-2.0.0-p353@company/specifications/timers-1.1.0.gemspec
I, [2014-05-03T17:29:23.193745 #41164]  INFO -- : 0:  celluloid (0.15.2) from /Users/justinraines/.rvm/gems/ruby-2.0.0-p353@company/specifications/celluloid-0.15.2.gemspec
I, [2014-05-03T17:29:23.194063 #41164]  INFO -- : 0:  nio4r (1.0.0) from /Users/justinraines/.rvm/gems/ruby-2.0.0-p353@company/specifications/nio4r-1.0.0.gemspec
I, [2014-05-03T17:29:23.194456 #41164]  INFO -- : 0:  celluloid-io (0.15.0) from /Users/justinraines/.rvm/gems/ruby-2.0.0-p353@company/specifications/celluloid-io-0.15.0.gemspec
I, [2014-05-03T17:29:23.194832 #41164]  INFO -- : 0:  chunky_png (1.3.0) from /Users/justinraines/.rvm/gems/ruby-2.0.0-p353@company/specifications/chunky_png-1.3.0.gemspec
I, [2014-05-03T17:29:23.195160 #41164]  INFO -- : 0:  coderay (1.1.0) from /Users/justinraines/.rvm/gems/ruby-2.0.0-p353@company/specifications/coderay-1.1.0.gemspec
I, [2014-05-03T17:29:23.195508 #41164]  INFO -- : 0:  colored (1.2) from /Users/justinraines/.rvm/gems/ruby-2.0.0-p353@company/specifications/colored-1.2.gemspec
I, [2014-05-03T17:29:23.195833 #41164]  INFO -- : 0:  fssm (0.2.10) from /Users/justinraines/.rvm/gems/ruby-2.0.0-p353@company/specifications/fssm-0.2.10.gemspec
I, [2014-05-03T17:29:23.196159 #41164]  INFO -- : 0:  compass (0.12.5) from /Users/justinraines/.rvm/gems/ruby-2.0.0-p353@company/specifications/compass-0.12.5.gemspec
I, [2014-05-03T17:29:23.196474 #41164]  INFO -- : 0:  cri (2.6.0) from /Users/justinraines/.rvm/gems/ruby-2.0.0-p353@company/specifications/cri-2.6.0.gemspec
I, [2014-05-03T17:29:23.196803 #41164]  INFO -- : 0:  execjs (2.0.2) from /Users/justinraines/.rvm/gems/ruby-2.0.0-p353@company/specifications/execjs-2.0.2.gemspec
I, [2014-05-03T17:29:23.197129 #41164]  INFO -- : 0:  ffi (1.9.3) from /Users/justinraines/.rvm/gems/ruby-2.0.0-p353@company/specifications/ffi-1.9.3.gemspec
I, [2014-05-03T17:29:23.197459 #41164]  INFO -- : 0:  formatador (0.2.4) from /Users/justinraines/.rvm/gems/ruby-2.0.0-p353@company/specifications/formatador-0.2.4.gemspec
I, [2014-05-03T17:29:23.197843 #41164]  INFO -- : 0:  rb-fsevent (0.9.4) from /Users/justinraines/.rvm/gems/ruby-2.0.0-p353@company/specifications/rb-fsevent-0.9.4.gemspec
I, [2014-05-03T17:29:23.198173 #41164]  INFO -- : 0:  rb-inotify (0.9.3) from /Users/justinraines/.rvm/gems/ruby-2.0.0-p353@company/specifications/rb-inotify-0.9.3.gemspec
I, [2014-05-03T17:29:23.198513 #41164]  INFO -- : 0:  listen (2.7.1) from /Users/justinraines/.rvm/gems/ruby-2.0.0-p353@company/specifications/listen-2.7.1.gemspec
I, [2014-05-03T17:29:23.198838 #41164]  INFO -- : 0:  lumberjack (1.0.5) from /Users/justinraines/.rvm/gems/ruby-2.0.0-p353@company/specifications/lumberjack-1.0.5.gemspec
I, [2014-05-03T17:29:23.199169 #41164]  INFO -- : 0:  method_source (0.8.2) from /Users/justinraines/.rvm/gems/ruby-2.0.0-p353@company/specifications/method_source-0.8.2.gemspec
I, [2014-05-03T17:29:23.199494 #41164]  INFO -- : 0:  slop (3.5.0) from /Users/justinraines/.rvm/gems/ruby-2.0.0-p353@company/specifications/slop-3.5.0.gemspec
I, [2014-05-03T17:29:23.199833 #41164]  INFO -- : 0:  pry (0.9.12.6) from /Users/justinraines/.rvm/gems/ruby-2.0.0-p353@company/specifications/pry-0.9.12.6.gemspec
I, [2014-05-03T17:29:23.200299 #41164]  INFO -- : 0:  thor (0.19.1) from /Users/justinraines/.rvm/gems/ruby-2.0.0-p353@company/specifications/thor-0.19.1.gemspec
I, [2014-05-03T17:29:23.200910 #41164]  INFO -- : 0:  guard (2.6.0) from /Users/justinraines/.rvm/gems/ruby-2.0.0-p353@company/specifications/guard-2.6.0.gemspec
I, [2014-05-03T17:29:23.201430 #41164]  INFO -- : 0:  nanoc (3.6.8) from /Users/justinraines/.rvm/gems/ruby-2.0.0-p353@company/specifications/nanoc-3.6.8.gemspec
I, [2014-05-03T17:29:23.201869 #41164]  INFO -- : 0:  guard-nanoc (1.0.2) from /Users/justinraines/.rvm/gems/ruby-2.0.0-p353@company/specifications/guard-nanoc-1.0.2.gemspec
I, [2014-05-03T17:29:23.202193 #41164]  INFO -- : 0:  spoon (0.0.4) from /Users/justinraines/.rvm/gems/ruby-2.0.0-p353@company/specifications/spoon-0.0.4.gemspec
I, [2014-05-03T17:29:23.202462 #41164]  INFO -- : 0:  guard-process (1.0.6) from /Users/justinraines/.rvm/gems/ruby-2.0.0-p353@company/specifications/guard-process-1.0.6.gemspec
I, [2014-05-03T17:29:23.202760 #41164]  INFO -- : 0:  json (1.8.1) from /Users/justinraines/.rvm/gems/ruby-2.0.0-p353@company/specifications/json-1.8.1.gemspec
I, [2014-05-03T17:29:23.203050 #41164]  INFO -- : 0:  kramdown (1.3.3) from /Users/justinraines/.rvm/gems/ruby-2.0.0-p353@company/specifications/kramdown-1.3.3.gemspec
I, [2014-05-03T17:29:23.203320 #41164]  INFO -- : 0:  mini_portile (0.5.3) from /Users/justinraines/.rvm/gems/ruby-2.0.0-p353@company/specifications/mini_portile-0.5.3.gemspec
I, [2014-05-03T17:29:23.203642 #41164]  INFO -- : 0:  nokogiri (1.6.1) from /Users/justinraines/.rvm/gems/ruby-2.0.0-p353@company/specifications/nokogiri-1.6.1.gemspec
I, [2014-05-03T17:29:30.571487 #41164]  INFO -- : 0:  redcarpet (3.1.1) from /Users/justinraines/.rvm/gems/ruby-2.0.0-p353@company/specifications/redcarpet-3.1.1.gemspec
I, [2014-05-03T17:29:30.572302 #41164]  INFO -- : 0:  uglifier (2.5.0) from /Users/justinraines/.rvm/gems/ruby-2.0.0-p353@company/specifications/uglifier-2.5.0.gemspec
I, [2014-05-03T17:29:30.572739 #41164]  INFO -- : 0:  bundler (1.5.1) from /Users/justinraines/.rvm/gems/ruby-2.0.0-p353@global/specifications/bundler-1.5.1.gemspec
I, [2014-05-06T15:17:23.676300 #56486]  INFO -- : 0:  rack (1.5.2) from /Users/justinraines/.rvm/gems/ruby-2.0.0-p353@company/specifications/rack-1.5.2.gemspec
I, [2014-05-06T15:17:23.708974 #56486]  INFO -- : 0:  adsf (1.2.0) from /Users/justinraines/.rvm/gems/ruby-2.0.0-p353@company/specifications/adsf-1.2.0.gemspec
I, [2014-05-06T15:17:23.709497 #56486]  INFO -- : 0:  sass (3.2.19) from /Users/justinraines/.rvm/gems/ruby-2.0.0-p353@company/specifications/sass-3.2.19.gemspec
I, [2014-05-06T15:17:23.709970 #56486]  INFO -- : 0:  bootstrap-sass (3.1.1.0) from /Users/justinraines/.rvm/gems/ruby-2.0.0-p353@company/specifications/bootstrap-sass-3.1.1.0.gemspec
I, [2014-05-06T15:17:23.710439 #56486]  INFO -- : 0:  timers (1.1.0) from /Users/justinraines/.rvm/gems/ruby-2.0.0-p353@company/specifications/timers-1.1.0.gemspec
I, [2014-05-06T15:17:23.710910 #56486]  INFO -- : 0:  celluloid (0.15.2) from /Users/justinraines/.rvm/gems/ruby-2.0.0-p353@company/specifications/celluloid-0.15.2.gemspec
I, [2014-05-06T15:17:23.711380 #56486]  INFO -- : 0:  nio4r (1.0.0) from /Users/justinraines/.rvm/gems/ruby-2.0.0-p353@company/specifications/nio4r-1.0.0.gemspec
I, [2014-05-06T15:17:23.711827 #56486]  INFO -- : 0:  celluloid-io (0.15.0) from /Users/justinraines/.rvm/gems/ruby-2.0.0-p353@company/specifications/celluloid-io-0.15.0.gemspec
I, [2014-05-06T15:17:23.712179 #56486]  INFO -- : 0:  chunky_png (1.3.0) from /Users/justinraines/.rvm/gems/ruby-2.0.0-p353@company/specifications/chunky_png-1.3.0.gemspec
I, [2014-05-06T15:17:23.712512 #56486]  INFO -- : 0:  coderay (1.1.0) from /Users/justinraines/.rvm/gems/ruby-2.0.0-p353@company/specifications/coderay-1.1.0.gemspec
I, [2014-05-06T15:17:23.712847 #56486]  INFO -- : 0:  colored (1.2) from /Users/justinraines/.rvm/gems/ruby-2.0.0-p353@company/specifications/colored-1.2.gemspec
I, [2014-05-06T15:17:23.713167 #56486]  INFO -- : 0:  fssm (0.2.10) from /Users/justinraines/.rvm/gems/ruby-2.0.0-p353@company/specifications/fssm-0.2.10.gemspec
I, [2014-05-06T15:17:23.713487 #56486]  INFO -- : 0:  compass (0.12.5) from /Users/justinraines/.rvm/gems/ruby-2.0.0-p353@company/specifications/compass-0.12.5.gemspec
I, [2014-05-06T15:17:23.713804 #56486]  INFO -- : 0:  cri (2.6.0) from /Users/justinraines/.rvm/gems/ruby-2.0.0-p353@company/specifications/cri-2.6.0.gemspec
I, [2014-05-06T15:17:23.714123 #56486]  INFO -- : 0:  execjs (2.0.2) from /Users/justinraines/.rvm/gems/ruby-2.0.0-p353@company/specifications/execjs-2.0.2.gemspec
I, [2014-05-06T15:17:23.714465 #56486]  INFO -- : 0:  ffi (1.9.3) from /Users/justinraines/.rvm/gems/ruby-2.0.0-p353@company/specifications/ffi-1.9.3.gemspec
I, [2014-05-06T15:17:23.714787 #56486]  INFO -- : 0:  formatador (0.2.4) from /Users/justinraines/.rvm/gems/ruby-2.0.0-p353@company/specifications/formatador-0.2.4.gemspec
I, [2014-05-06T15:17:23.715107 #56486]  INFO -- : 0:  rb-fsevent (0.9.4) from /Users/justinraines/.rvm/gems/ruby-2.0.0-p353@company/specifications/rb-fsevent-0.9.4.gemspec
I, [2014-05-06T15:17:23.715428 #56486]  INFO -- : 0:  rb-inotify (0.9.3) from /Users/justinraines/.rvm/gems/ruby-2.0.0-p353@company/specifications/rb-inotify-0.9.3.gemspec
I, [2014-05-06T15:17:23.715762 #56486]  INFO -- : 0:  listen (2.7.1) from /Users/justinraines/.rvm/gems/ruby-2.0.0-p353@company/specifications/listen-2.7.1.gemspec
I, [2014-05-06T15:17:23.716084 #56486]  INFO -- : 0:  lumberjack (1.0.5) from /Users/justinraines/.rvm/gems/ruby-2.0.0-p353@company/specifications/lumberjack-1.0.5.gemspec
I, [2014-05-06T15:17:23.716407 #56486]  INFO -- : 0:  method_source (0.8.2) from /Users/justinraines/.rvm/gems/ruby-2.0.0-p353@company/specifications/method_source-0.8.2.gemspec
I, [2014-05-06T15:17:23.716739 #56486]  INFO -- : 0:  slop (3.5.0) from /Users/justinraines/.rvm/gems/ruby-2.0.0-p353@company/specifications/slop-3.5.0.gemspec
I, [2014-05-06T15:17:23.717061 #56486]  INFO -- : 0:  pry (0.9.12.6) from /Users/justinraines/.rvm/gems/ruby-2.0.0-p353@company/specifications/pry-0.9.12.6.gemspec
I, [2014-05-06T15:17:23.717408 #56486]  INFO -- : 0:  thor (0.19.1) from /Users/justinraines/.rvm/gems/ruby-2.0.0-p353@company/specifications/thor-0.19.1.gemspec
I, [2014-05-06T15:17:23.717768 #56486]  INFO -- : 0:  guard (2.6.0) from /Users/justinraines/.rvm/gems/ruby-2.0.0-p353@company/specifications/guard-2.6.0.gemspec
I, [2014-05-06T15:17:23.718111 #56486]  INFO -- : 0:  nanoc (3.6.8) from /Users/justinraines/.rvm/gems/ruby-2.0.0-p353@company/specifications/nanoc-3.6.8.gemspec
I, [2014-05-06T15:17:23.718451 #56486]  INFO -- : 0:  guard-nanoc (1.0.2) from /Users/justinraines/.rvm/gems/ruby-2.0.0-p353@company/specifications/guard-nanoc-1.0.2.gemspec
I, [2014-05-06T15:17:23.718778 #56486]  INFO -- : 0:  spoon (0.0.4) from /Users/justinraines/.rvm/gems/ruby-2.0.0-p353@company/specifications/spoon-0.0.4.gemspec
I, [2014-05-06T15:17:23.719104 #56486]  INFO -- : 0:  guard-process (1.0.6) from /Users/justinraines/.rvm/gems/ruby-2.0.0-p353@company/specifications/guard-process-1.0.6.gemspec
I, [2014-05-06T15:17:23.719440 #56486]  INFO -- : 0:  json (1.8.1) from /Users/justinraines/.rvm/gems/ruby-2.0.0-p353@company/specifications/json-1.8.1.gemspec
I, [2014-05-06T15:17:23.719757 #56486]  INFO -- : 0:  kramdown (1.3.3) from /Users/justinraines/.rvm/gems/ruby-2.0.0-p353@company/specifications/kramdown-1.3.3.gemspec
I, [2014-05-06T15:17:23.720140 #56486]  INFO -- : 0:  mini_portile (0.5.3) from /Users/justinraines/.rvm/gems/ruby-2.0.0-p353@company/specifications/mini_portile-0.5.3.gemspec
I, [2014-05-06T15:17:23.720664 #56486]  INFO -- : 0:  nokogiri (1.6.1) from /Users/justinraines/.rvm/gems/ruby-2.0.0-p353@company/specifications/nokogiri-1.6.1.gemspec
I, [2014-05-06T15:17:23.721185 #56486]  INFO -- : 0:  redcarpet (3.1.1) from /Users/justinraines/.rvm/gems/ruby-2.0.0-p353@company/specifications/redcarpet-3.1.1.gemspec
I, [2014-05-06T15:17:24.074347 #56486]  INFO -- : 0:  systemu (2.6.4) from /Users/justinraines/.rvm/gems/ruby-2.0.0-p353@company/specifications/systemu-2.6.4.gemspec
I, [2014-05-06T15:17:24.074838 #56486]  INFO -- : 0:  uglifier (2.5.0) from /Users/justinraines/.rvm/gems/ruby-2.0.0-p353@company/specifications/uglifier-2.5.0.gemspec
I, [2014-05-06T15:17:24.075100 #56486]  INFO -- : 0:  bundler (1.5.1) from /Users/justinraines/.rvm/gems/ruby-2.0.0-p353@global/specifications/bundler-1.5.1.gemspec
I, [2014-05-09T14:10:01.215047 #28194]  INFO -- : 0:  rack (1.5.2) from /Users/justinraines/.rvm/gems/ruby-2.0.0-p353@company/specifications/rack-1.5.2.gemspec
I, [2014-05-09T14:10:01.243588 #28194]  INFO -- : 0:  adsf (1.2.0) from /Users/justinraines/.rvm/gems/ruby-2.0.0-p353@company/specifications/adsf-1.2.0.gemspec
I, [2014-05-09T14:10:01.244381 #28194]  INFO -- : 0:  sass (3.2.19) from /Users/justinraines/.rvm/gems/ruby-2.0.0-p353@company/specifications/sass-3.2.19.gemspec
I, [2014-05-09T14:10:01.245053 #28194]  INFO -- : 0:  bootstrap-sass (3.1.1.0) from /Users/justinraines/.rvm/gems/ruby-2.0.0-p353@company/specifications/bootstrap-sass-3.1.1.0.gemspec
I, [2014-05-09T14:10:01.245677 #28194]  INFO -- : 0:  timers (1.1.0) from /Users/justinraines/.rvm/gems/ruby-2.0.0-p353@company/specifications/timers-1.1.0.gemspec
I, [2014-05-09T14:10:01.246362 #28194]  INFO -- : 0:  celluloid (0.15.2) from /Users/justinraines/.rvm/gems/ruby-2.0.0-p353@company/specifications/celluloid-0.15.2.gemspec
I, [2014-05-09T14:10:01.246980 #28194]  INFO -- : 0:  nio4r (1.0.0) from /Users/justinraines/.rvm/gems/ruby-2.0.0-p353@company/specifications/nio4r-1.0.0.gemspec
I, [2014-05-09T14:10:01.247602 #28194]  INFO -- : 0:  celluloid-io (0.15.0) from /Users/justinraines/.rvm/gems/ruby-2.0.0-p353@company/specifications/celluloid-io-0.15.0.gemspec
I, [2014-05-09T14:10:01.248216 #28194]  INFO -- : 0:  chunky_png (1.3.0) from /Users/justinraines/.rvm/gems/ruby-2.0.0-p353@company/specifications/chunky_png-1.3.0.gemspec
I, [2014-05-09T14:10:01.248700 #28194]  INFO -- : 0:  coderay (1.1.0) from /Users/justinraines/.rvm/gems/ruby-2.0.0-p353@company/specifications/coderay-1.1.0.gemspec
I, [2014-05-09T14:10:01.249029 #28194]  INFO -- : 0:  colored (1.2) from /Users/justinraines/.rvm/gems/ruby-2.0.0-p353@company/specifications/colored-1.2.gemspec
I, [2014-05-09T14:10:01.249323 #28194]  INFO -- : 0:  fssm (0.2.10) from /Users/justinraines/.rvm/gems/ruby-2.0.0-p353@company/specifications/fssm-0.2.10.gemspec
I, [2014-05-09T14:10:01.249687 #28194]  INFO -- : 0:  compass (0.12.5) from /Users/justinraines/.rvm/gems/ruby-2.0.0-p353@company/specifications/compass-0.12.5.gemspec
I, [2014-05-09T14:10:01.250089 #28194]  INFO -- : 0:  cri (2.6.0) from /Users/justinraines/.rvm/gems/ruby-2.0.0-p353@company/specifications/cri-2.6.0.gemspec
I, [2014-05-09T14:10:01.250457 #28194]  INFO -- : 0:  execjs (2.0.2) from /Users/justinraines/.rvm/gems/ruby-2.0.0-p353@company/specifications/execjs-2.0.2.gemspec
I, [2014-05-09T14:10:01.250792 #28194]  INFO -- : 0:  ffi (1.9.3) from /Users/justinraines/.rvm/gems/ruby-2.0.0-p353@company/specifications/ffi-1.9.3.gemspec
I, [2014-05-09T14:10:01.251091 #28194]  INFO -- : 0:  formatador (0.2.4) from /Users/justinraines/.rvm/gems/ruby-2.0.0-p353@company/specifications/formatador-0.2.4.gemspec
I, [2014-05-09T14:10:01.251529 #28194]  INFO -- : 0:  rb-fsevent (0.9.4) from /Users/justinraines/.rvm/gems/ruby-2.0.0-p353@company/specifications/rb-fsevent-0.9.4.gemspec
I, [2014-05-09T14:10:01.252152 #28194]  INFO -- : 0:  rb-inotify (0.9.3) from /Users/justinraines/.rvm/gems/ruby-2.0.0-p353@company/specifications/rb-inotify-0.9.3.gemspec
I, [2014-05-09T14:10:01.252631 #28194]  INFO -- : 0:  listen (2.7.1) from /Users/justinraines/.rvm/gems/ruby-2.0.0-p353@company/specifications/listen-2.7.1.gemspec
I, [2014-05-09T14:10:01.253116 #28194]  INFO -- : 0:  lumberjack (1.0.5) from /Users/justinraines/.rvm/gems/ruby-2.0.0-p353@company/specifications/lumberjack-1.0.5.gemspec
I, [2014-05-09T14:10:01.253542 #28194]  INFO -- : 0:  method_source (0.8.2) from /Users/justinraines/.rvm/gems/ruby-2.0.0-p353@company/specifications/method_source-0.8.2.gemspec
I, [2014-05-09T14:10:01.254001 #28194]  INFO -- : 0:  slop (3.5.0) from /Users/justinraines/.rvm/gems/ruby-2.0.0-p353@company/specifications/slop-3.5.0.gemspec
I, [2014-05-09T14:10:01.254476 #28194]  INFO -- : 0:  pry (0.9.12.6) from /Users/justinraines/.rvm/gems/ruby-2.0.0-p353@company/specifications/pry-0.9.12.6.gemspec
I, [2014-05-09T14:10:01.254887 #28194]  INFO -- : 0:  thor (0.19.1) from /Users/justinraines/.rvm/gems/ruby-2.0.0-p353@company/specifications/thor-0.19.1.gemspec
I, [2014-05-09T14:10:01.255341 #28194]  INFO -- : 0:  guard (2.6.0) from /Users/justinraines/.rvm/gems/ruby-2.0.0-p353@company/specifications/guard-2.6.0.gemspec
I, [2014-05-09T14:10:01.255786 #28194]  INFO -- : 0:  nanoc (3.6.8) from /Users/justinraines/.rvm/gems/ruby-2.0.0-p353@company/specifications/nanoc-3.6.8.gemspec
I, [2014-05-09T14:10:01.256092 #28194]  INFO -- : 0:  guard-nanoc (1.0.2) from /Users/justinraines/.rvm/gems/ruby-2.0.0-p353@company/specifications/guard-nanoc-1.0.2.gemspec
I, [2014-05-09T14:10:01.256442 #28194]  INFO -- : 0:  spoon (0.0.4) from /Users/justinraines/.rvm/gems/ruby-2.0.0-p353@company/specifications/spoon-0.0.4.gemspec
I, [2014-05-09T14:10:01.256827 #28194]  INFO -- : 0:  guard-process (1.0.6) from /Users/justinraines/.rvm/gems/ruby-2.0.0-p353@company/specifications/guard-process-1.0.6.gemspec
I, [2014-05-09T14:10:01.257156 #28194]  INFO -- : 0:  json (1.8.1) from /Users/justinraines/.rvm/gems/ruby-2.0.0-p353@company/specifications/json-1.8.1.gemspec
I, [2014-05-09T14:10:01.257504 #28194]  INFO -- : 0:  kramdown (1.3.3) from /Users/justinraines/.rvm/gems/ruby-2.0.0-p353@company/specifications/kramdown-1.3.3.gemspec
I, [2014-05-09T14:10:01.257889 #28194]  INFO -- : 0:  mini_portile (0.5.3) from /Users/justinraines/.rvm/gems/ruby-2.0.0-p353@company/specifications/mini_portile-0.5.3.gemspec
I, [2014-05-09T14:10:01.258199 #28194]  INFO -- : 0:  nokogiri (1.6.1) from /Users/justinraines/.rvm/gems/ruby-2.0.0-p353@company/specifications/nokogiri-1.6.1.gemspec
I, [2014-05-09T14:10:01.258540 #28194]  INFO -- : 0:  redcarpet (3.1.1) from /Users/justinraines/.rvm/gems/ruby-2.0.0-p353@company/specifications/redcarpet-3.1.1.gemspec
I, [2014-05-09T14:10:01.258888 #28194]  INFO -- : 0:  systemu (2.6.4) from /Users/justinraines/.rvm/gems/ruby-2.0.0-p353@company/specifications/systemu-2.6.4.gemspec
I, [2014-05-09T14:10:01.259204 #28194]  INFO -- : 0:  uglifier (2.5.0) from /Users/justinraines/.rvm/gems/ruby-2.0.0-p353@company/specifications/uglifier-2.5.0.gemspec
I, [2014-05-09T14:10:01.259544 #28194]  INFO -- : 0:  bundler (1.5.1) from /Users/justinraines/.rvm/gems/ruby-2.0.0-p353@global/specifications/bundler-1.5.1.gemspec
